[debug] [2025-05-03T08:23:38.129Z] ----------------------------------------------------------------------
[debug] [2025-05-03T08:23:38.132Z] Command:       /nix/store/ixbb20farqh1f4fqbmsn6b1ixn8mc8ij-nodejs-20.18.1/bin/node /nix/store/984bjqzf7prsischdc86jmqbn4ha5yxd-firebase-tools-14.2.0/lib/node_modules/firebase-tools/lib/bin/firebase.js init hosting
[debug] [2025-05-03T08:23:38.132Z] CLI Version:   14.2.0
[debug] [2025-05-03T08:23:38.132Z] Platform:      linux
[debug] [2025-05-03T08:23:38.133Z] Node Version:  v20.18.1
[debug] [2025-05-03T08:23:38.133Z] Time:          Sat May 03 2025 08:23:38 GMT+0000 (Coordinated Universal Time)
[debug] [2025-05-03T08:23:38.133Z] ----------------------------------------------------------------------
[debug] 
[debug] [2025-05-03T08:23:38.141Z] > command requires scopes: ["email","openid","https://www.googleapis.com/auth/cloudplatformprojects.readonly","https://www.googleapis.com/auth/firebase","https://www.googleapis.com/auth/cloud-platform"]
[debug] [2025-05-03T08:23:38.142Z] > authorizing via signed-in user (knowledge.zone6869@gmail.com)
[info] 
     ######## #### ########  ######## ########     ###     ######  ########
     ##        ##  ##     ## ##       ##     ##  ##   ##  ##       ##
     ######    ##  ########  ######   ########  #########  ######  ######
     ##        ##  ##    ##  ##       ##     ## ##     ##       ## ##
     ##       #### ##     ## ######## ########  ##     ##  ######  ########

You're about to initialize a Firebase project in this directory:

  /home/user/clockworksproduction.github.io

[info] 
=== Project Setup
[info] 
[info] First, let's associate this project directory with a Firebase project.
[info] You can create multiple project aliases by running firebase use --add, 
[info] but for now we'll just set up a default project.
[info] 
[debug] [2025-05-03T08:23:50.275Z] Checked if tokens are valid: true, expires at: 1746262451659
[debug] [2025-05-03T08:23:50.276Z] Checked if tokens are valid: true, expires at: 1746262451659
[debug] [2025-05-03T08:23:50.282Z] >>> [apiv2][query] GET https://firebase.googleapis.com/v1beta1/projects pageSize=100
[debug] [2025-05-03T08:23:50.851Z] <<< [apiv2][status] GET https://firebase.googleapis.com/v1beta1/projects 200
[debug] [2025-05-03T08:23:50.851Z] <<< [apiv2][body] GET https://firebase.googleapis.com/v1beta1/projects [omitted]
[info] i  Using project clockworksproduction (ClockWorksProduction) 
[info] 
=== Hosting Setup
[debug] [2025-05-03T08:23:51.722Z] Checked if tokens are valid: true, expires at: 1746262451659
[debug] [2025-05-03T08:23:51.722Z] Checked if tokens are valid: true, expires at: 1746262451659
[debug] [2025-05-03T08:23:51.723Z] >>> [apiv2][query] GET https://firebase.googleapis.com/v1beta1/projects/clockworksproduction [none]
[debug] [2025-05-03T08:23:51.940Z] <<< [apiv2][status] GET https://firebase.googleapis.com/v1beta1/projects/clockworksproduction 200
[debug] [2025-05-03T08:23:51.940Z] <<< [apiv2][body] GET https://firebase.googleapis.com/v1beta1/projects/clockworksproduction {"projectId":"clockworksproduction","projectNumber":"26253649194","displayName":"ClockWorksProduction","name":"projects/clockworksproduction","resources":{"hostingSite":"clockworksproduction"},"state":"ACTIVE","etag":"1_d7c99dd4-525d-4252-b145-8a6d197dca3a"}
[info] 
[info] Your public directory is the folder (relative to your project directory) that
[info] will contain Hosting assets to be uploaded with firebase deploy. If you
[info] have a build process for your assets, use your build's output directory.
[info] 
[debug] [2025-05-03T08:24:11.439Z] >>> [apiv2][query] GET https://www.gstatic.com/firebasejs/releases.json [none]
[debug] [2025-05-03T08:24:11.461Z] <<< [apiv2][status] GET https://www.gstatic.com/firebasejs/releases.json 200
[debug] [2025-05-03T08:24:11.461Z] <<< [apiv2][body] GET https://www.gstatic.com/firebasejs/releases.json {"current":{"version":"11.6.1","browserURL":"https://www.gstatic.com/firebasejs/11.6.1/firebase.js","packageURL":"https://www.gstatic.com/firebasejs/11.6.1/firebase.tgz"},"live":{"version":"11.6","browserURL":"https://www.gstatic.com/firebasejs/live/11.6/firebase.js","packageURL":"https://www.gstatic.com/firebasejs/live/11.6/firebase.tgz"},"components":{"analytics":"https://www.gstatic.com/firebasejs/11.6.1/firebase-analytics.js","app":"https://www.gstatic.com/firebasejs/11.6.1/firebase-app.js","app-check":"https://www.gstatic.com/firebasejs/11.6.1/firebase-app-check.js","auth":"https://www.gstatic.com/firebasejs/11.6.1/firebase-auth.js","auth/cordova":"https://www.gstatic.com/firebasejs/11.6.1/firebase-auth/cordova.js","auth/web-extension":"https://www.gstatic.com/firebasejs/11.6.1/firebase-auth/web-extension.js","functions":"https://www.gstatic.com/firebasejs/11.6.1/firebase-functions.js","firestore":"https://www.gstatic.com/firebasejs/11.6.1/firebase-firestore.js","firestore/lite":"https://www.gstatic.com/firebasejs/11.6.1/firebase-firestore/lite.js","installations":"https://www.gstatic.com/firebasejs/11.6.1/firebase-installations.js","storage":"https://www.gstatic.com/firebasejs/11.6.1/firebase-storage.js","performance":"https://www.gstatic.com/firebasejs/11.6.1/firebase-performance.js","remote-config":"https://www.gstatic.com/firebasejs/11.6.1/firebase-remote-config.js","messaging":"https://www.gstatic.com/firebasejs/11.6.1/firebase-messaging.js","messaging/sw":"https://www.gstatic.com/firebasejs/11.6.1/firebase-messaging/sw.js","database":"https://www.gstatic.com/firebasejs/11.6.1/firebase-database.js","vertexai":"https://www.gstatic.com/firebasejs/11.6.1/firebase-vertexai.js","data-connect":"https://www.gstatic.com/firebasejs/11.6.1/firebase-data-connect.js","firestore.memory":"https://www.gstatic.com/firebasejs/11.6.1/firebase-firestore.memory.js"}}
[info] i  docs/index.html is unchanged 
[info] 
[info] i  Detected a .git folder at /home/user/clockworksproduction.github.io 
[info] i  Authorizing with GitHub to upload your service account to a GitHub repository's secrets store. 
[info] 
[info] Visit this URL on this device to log in:
[info] https://github.com/login/oauth/authorize?client_id=89cf50f02ac6aaed3484&state=183692487&redirect_uri=http%3A%2F%2Flocalhost%3A9005&scope=read%3Auser%20repo%20public_repo
[info] 
[info] Waiting for authentication...
